[debug] [2026-01-30T18:21:45.317Z] ----------------------------------------------------------------------
[debug] [2026-01-30T18:21:45.318Z] Command:       /usr/local/bin/node /usr/local/bin/firebase init hosting
[debug] [2026-01-30T18:21:45.318Z] CLI Version:   15.5.1
[debug] [2026-01-30T18:21:45.318Z] Platform:      darwin
[debug] [2026-01-30T18:21:45.318Z] Node Version:  v22.16.0
[debug] [2026-01-30T18:21:45.318Z] Time:          Fri Jan 30 2026 13:21:45 GMT-0500 (Eastern Standard Time)
[debug] [2026-01-30T18:21:45.318Z] ----------------------------------------------------------------------
[debug] 
[info] 
     ######## #### ########  ######## ########     ###     ######  ########
     ##        ##  ##     ## ##       ##     ##  ##   ##  ##       ##
     ######    ##  ########  ######   ########  #########  ######  ######
     ##        ##  ##    ##  ##       ##     ## ##     ##       ## ##
     ##       #### ##     ## ######## ########  ##     ##  ######  ########

You're about to initialize a Firebase project in this directory:

  /Users/roblee

Before we get started, keep in mind:

  * You are initializing within an existing Firebase project directory

[info] 
=== Project Setup
[info] 
[info] First, let's associate this project directory with a Firebase project.
[info] You can create multiple project aliases by running firebase use --add, 
[info] 
[debug] [2026-01-30T18:21:45.769Z] > command requires scopes: ["email","openid","https://www.googleapis.com/auth/cloudplatformprojects.readonly","https://www.googleapis.com/auth/firebase","https://www.googleapis.com/auth/cloud-platform"]
[debug] [2026-01-30T18:21:45.769Z] > authorizing via signed-in user (rob.lee2015@gmail.com)
[debug] [2026-01-30T18:21:45.769Z] Checked if tokens are valid: true, expires at: 1769799843934
[debug] [2026-01-30T18:21:45.769Z] Checked if tokens are valid: true, expires at: 1769799843934
[debug] [2026-01-30T18:21:45.769Z] >>> [apiv2][query] GET https://firebase.googleapis.com/v1beta1/projects/flow-crm-2026rl [none]
[debug] [2026-01-30T18:21:46.084Z] <<< [apiv2][status] GET https://firebase.googleapis.com/v1beta1/projects/flow-crm-2026rl 200
[debug] [2026-01-30T18:21:46.084Z] <<< [apiv2][body] GET https://firebase.googleapis.com/v1beta1/projects/flow-crm-2026rl {"projectId":"flow-crm-2026rl","projectNumber":"233927450484","displayName":"flow crm ","name":"projects/flow-crm-2026rl","resources":{"hostingSite":"flow-crm-2026rl"},"state":"ACTIVE","etag":"1_ae9838da-c59b-4b86-bca9-82853a11f2c1"}
[info] i  Using project flow-crm-2026rl (flow crm ) . 
[info] 
=== Hosting Setup
[debug] [2026-01-30T18:21:46.095Z] Checked if tokens are valid: true, expires at: 1769799843934
[debug] [2026-01-30T18:21:46.095Z] Checked if tokens are valid: true, expires at: 1769799843934
[debug] [2026-01-30T18:21:46.095Z] >>> [apiv2][query] GET https://firebase.googleapis.com/v1beta1/projects/flow-crm-2026rl [none]
[debug] [2026-01-30T18:21:46.314Z] <<< [apiv2][status] GET https://firebase.googleapis.com/v1beta1/projects/flow-crm-2026rl 200
[debug] [2026-01-30T18:21:46.315Z] <<< [apiv2][body] GET https://firebase.googleapis.com/v1beta1/projects/flow-crm-2026rl {"projectId":"flow-crm-2026rl","projectNumber":"233927450484","displayName":"flow crm ","name":"projects/flow-crm-2026rl","resources":{"hostingSite":"flow-crm-2026rl"},"state":"ACTIVE","etag":"1_ae9838da-c59b-4b86-bca9-82853a11f2c1"}
[info] 
[info] Your public directory is the folder (relative to your project directory) that
[info] will contain Hosting assets to be uploaded with firebase deploy. If you
[info] have a build process for your assets, use your build's output directory.
[info] 
[info] 
[info] i  Didn't detect a .git folder. Assuming /Users/roblee/studioflow is the project root. 
[info] i  Authorizing with GitHub to upload your service account to a GitHub repository's secrets store. 
[info] 
[info] Visit this URL on this device to log in:
[info] https://github.com/login/oauth/authorize?client_id=89cf50f02ac6aaed3484&state=626734983&redirect_uri=http%3A%2F%2Flocalhost%3A9005&scope=read%3Auser%20repo%20public_repo
[info] 
[info] Waiting for authentication...
[debug] [2026-01-30T18:22:29.402Z] >>> [apiv2][query] POST https://github.com/login/oauth/access_token [none]
[debug] [2026-01-30T18:22:29.402Z] >>> [apiv2][body] POST https://github.com/login/oauth/access_token [stream]
[debug] [2026-01-30T18:22:29.679Z] <<< [apiv2][status] POST https://github.com/login/oauth/access_token 200
[debug] [2026-01-30T18:22:29.680Z] <<< [apiv2][body] POST https://github.com/login/oauth/access_token {"access_token":"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","token_type":"bearer","scope":"read:user,repo"}
[debug] [2026-01-30T18:22:29.688Z] >>> [apiv2][query] GET https://api.github.com/user [none]
[debug] [2026-01-30T18:22:29.990Z] <<< [apiv2][status] GET https://api.github.com/user 200
[debug] [2026-01-30T18:22:29.990Z] <<< [apiv2][body] GET https://api.github.com/user {"login":"Roblee68","id":214673859,"node_id":"U_kgDODMupww","avatar_url":"https://avatars.githubusercontent.com/u/214673859?v=4","gravatar_id":"","url":"https://api.github.com/users/Roblee68","html_url":"https://github.com/Roblee68","followers_url":"https://api.github.com/users/Roblee68/followers","following_url":"https://api.github.com/users/Roblee68/following{/other_user}","gists_url":"https://api.github.com/users/Roblee68/gists{/gist_id}","starred_url":"https://api.github.com/users/Roblee68/starred{/owner}{/repo}","subscriptions_url":"https://api.github.com/users/Roblee68/subscriptions","organizations_url":"https://api.github.com/users/Roblee68/orgs","repos_url":"https://api.github.com/users/Roblee68/repos","events_url":"https://api.github.com/users/Roblee68/events{/privacy}","received_events_url":"https://api.github.com/users/Roblee68/received_events","type":"User","user_view_type":"private","site_admin":false,"name":null,"company":null,"blog":"","location":null,"email":null,"hireable":null,"bio":null,"twitter_username":null,"notification_email":null,"public_repos":1,"public_gists":0,"followers":0,"following":0,"created_at":"2025-06-03T14:17:56Z","updated_at":"2026-01-12T20:14:41Z","private_gists":0,"total_private_repos":2,"owned_private_repos":2,"disk_usage":1048,"collaborators":0,"two_factor_authentication":true,"plan":{"name":"pro","space":976562499,"collaborators":0,"private_repos":9999}}
[info] 
[info] ✔  Success! Logged into GitHub as Roblee68 
[info] 
